{
  "RSpec": {
    "coverage": {
      "/home/axel/github/ratebeer/app/models/beer.rb": [
        1,
        1,
        null,
        1,
        1,
        1,
        1,
        1,
        null,
        1,
        7,
        null,
        null
      ],
      "/home/axel/github/ratebeer/app/models/concerns/rating_average.rb": [
        1,
        1,
        1,
        16,
        null,
        null
      ],
      "/home/axel/github/ratebeer/app/models/user.rb": [
        1,
        1,
        1,
        1,
        1,
        null,
        null,
        null,
        1,
        1,
        1,
        1,
        null,
        1,
        8,
        7,
        null,
        null,
        1,
        8,
        7,
        15,
        7,
        null,
        null,
        1,
        13,
        12,
        25,
        12,
        null,
        null,
        null
      ],
      "/home/axel/github/ratebeer/app/controllers/sessions_controller.rb": [
        1,
        1,
        null,
        null,
        null,
        1,
        9,
        9,
        8,
        8,
        null,
        1,
        null,
        null,
        null,
        1,
        null,
        0,
        null,
        0,
        null,
        null
      ],
      "/home/axel/github/ratebeer/app/controllers/application_controller.rb": [
        1,
        null,
        null,
        1,
        null,
        null,
        1,
        null,
        1,
        92,
        75,
        null,
        null
      ],
      "/home/axel/github/ratebeer/app/controllers/users_controller.rb": [
        1,
        1,
        null,
        null,
        null,
        1,
        0,
        null,
        null,
        null,
        null,
        1,
        null,
        null,
        null,
        1,
        1,
        null,
        null,
        null,
        1,
        null,
        null,
        null,
        null,
        1,
        1,
        null,
        1,
        1,
        2,
        1,
        null,
        0,
        0,
        null,
        null,
        null,
        null,
        null,
        null,
        1,
        0,
        0,
        0,
        0,
        null,
        0,
        0,
        null,
        null,
        null,
        null,
        null,
        null,
        1,
        0,
        0,
        0,
        0,
        null,
        null,
        0,
        null,
        null,
        null,
        1,
        null,
        1,
        14,
        null,
        null,
        null,
        1,
        1,
        null,
        null
      ],
      "/home/axel/github/ratebeer/app/models/membership.rb": [
        1,
        1,
        1,
        1,
        1,
        null,
        null,
        null
      ],
      "/home/axel/github/ratebeer/app/models/beer_club.rb": [
        1,
        1,
        1,
        null
      ],
      "/home/axel/github/ratebeer/app/controllers/beers_controller.rb": [
        1,
        1,
        1,
        null,
        null,
        null,
        1,
        1,
        null,
        null,
        null,
        null,
        1,
        null,
        null,
        null,
        1,
        2,
        null,
        null,
        null,
        1,
        null,
        null,
        null,
        null,
        1,
        2,
        null,
        2,
        2,
        2,
        1,
        null,
        1,
        2,
        1,
        null,
        null,
        null,
        null,
        null,
        null,
        1,
        0,
        0,
        0,
        0,
        null,
        0,
        0,
        null,
        null,
        null,
        null,
        null,
        null,
        1,
        0,
        0,
        0,
        0,
        null,
        null,
        null,
        1,
        null,
        1,
        0,
        null,
        null,
        null,
        1,
        2,
        null,
        null,
        1,
        3,
        3,
        null,
        null
      ],
      "/home/axel/github/ratebeer/app/models/brewery.rb": [
        1,
        1,
        null,
        1,
        36,
        0,
        null,
        null,
        null,
        1,
        1,
        1,
        1,
        null,
        1,
        null
      ],
      "/home/axel/github/ratebeer/app/controllers/breweries_controller.rb": [
        1,
        1,
        1,
        null,
        null,
        null,
        1,
        3,
        null,
        null,
        null,
        null,
        1,
        null,
        null,
        null,
        1,
        0,
        null,
        null,
        null,
        1,
        null,
        null,
        null,
        null,
        1,
        0,
        null,
        0,
        0,
        0,
        0,
        null,
        0,
        0,
        null,
        null,
        null,
        null,
        null,
        null,
        1,
        0,
        0,
        0,
        0,
        null,
        0,
        0,
        null,
        null,
        null,
        null,
        null,
        null,
        1,
        0,
        0,
        0,
        0,
        null,
        null,
        null,
        1,
        null,
        1,
        1,
        null,
        null,
        null,
        1,
        0,
        null,
        null,
        1,
        0,
        null,
        0,
        0,
        null,
        null,
        null
      ],
      "/home/axel/github/ratebeer/app/controllers/ratings_controller.rb": [
        1,
        1,
        1,
        null,
        null,
        1,
        1,
        1,
        null,
        null,
        1,
        1,
        null,
        1,
        1,
        1,
        null,
        0,
        0,
        null,
        null,
        null,
        1,
        1,
        1,
        1,
        null,
        null
      ]
    },
    "timestamp": 1423333125
  }
}
